ucliGUI::start /home/icstudy/Desktop/axi2apb_03_12/sim/out/obj/gon_axi2apb_tb.simv -ucligui -l run.log +ntb_random_seed=1 +UVM_TESTNAME=gon_axi2apb_smoke_test +UVM_VERBOSITY=UVM_HIGH -cm_dir out/cov.vdb -cm_name gon_axi2apb_smoke_test_1
set ucliGUI::state
set ucliGUI::state
ucliCore::getToolPID
synopsys::env hasTB
trigger_hier_stack_context_switch 0
synopsys::xml set_array_limit <data limit="50" />
synopsys::xml set_depth_limit <data limit="100" />
synopsys::xml set_string_limit <data limit="1000" />
synopsys::xml set_only_active_frame <data value="1" />
synopsys::xml set_variable_frame_id <data value="1" />
synUtils::setDVEInitPhase 1
synopsys::dump -type VPD -file /home/icstudy/Desktop/axi2apb_03_12/sim/inter.vpd -locking
synopsys::dump -autoflush on -fid VPD3
set ::dve_fid VPD3
synUtils::setDVEInitPhase 0
ucliCore::getToolPID
synUtils::sendTool -active _icl_setToolSocket /tmp/smlnpmvhFgW
synUtils::sendTool -active {_icl_start_rpc -version "O-2018.09-SP2_Full64" -sync_file /tmp/vcs_dve_rpc.icstudy.10320}
synUtils::sendTool -active {_icl_createSharedMemory /tmp/vcs_dve_general.icstudy.10320}
config endofsim noexit
config onfail enable all
config syscaddplainmembers
config syscaddsourcenames
config syscaddstructtypes
synopsys::listing -disable
# Begin_DVE_Session_Save_Info
# DVE restart session
# Saved on Wed Mar 12 13:11:39 2025
# Designs open: 1
#   Sim: /home/icstudy/Desktop/axi2apb_03_12/sim/out/obj/gon_axi2apb_tb.simv
# Toplevel windows open: 2
# 	TopLevel.1
# 	TopLevel.2
#   Source.1:
#   Wave.1: 60 signals
#   Group count = 8
#   Group Group1 signal count = 15
#   Group Group2 signal count = 6
#   Group Group3 signal count = 5
#   Group Group4 signal count = 15
#   Group Group5 signal count = 7
#   Group Group6 signal count = 12
#   Group Group7 signal count = 2
#   Group Group8 signal count = 2
# End_DVE_Session_Save_Info
# DVE version: O-2018.09-SP2_Full64
# DVE build date: Feb 28 2019 23:39:41
#<Session mode="Restart" path=".restartSimSession.tcl" type="Debug">
# Application preferences
#<WindowLayout>
# DVE top-level session
# Create and position top-level window: TopLevel.1
set TopLevel.1 TopLevel.1
# Docked window settings
set HSPane.1 HSPane.1
set Hier.1 Hier.1
set Stack.1 Stack.1
set Class.1 Class.1
set Object.1 Object.1
set DLPane.1 DLPane.1
set Data.1 Data.1
set Local.1 Local.1
set Member.1 Member.1
set Console.1 Console.1
# MDI window settings
set Source.1 Source.1
# End MDI window settings
# Create and position top-level window: TopLevel.2
set TopLevel.2 TopLevel.2
# Docked window settings
# MDI window settings
set Wave.1 Wave.1
# End MDI window settings
#</WindowLayout>
#<Database>
#</Database>
# DVE Global setting session:
# Global: Breakpoints
# Global: Bus
# Global: Expressions
# Global: Signal Time Shift
# Global: Signal Compare
# Global: Signal Groups
synopsys::dump -add {gon_axi2apb_tb.dut} -scope "." -depth 1 -fid VPD3
set _session_group_9 Group1
set Group1 "$_session_group_9"
synopsys::dump -add {gon_axi2apb_tb.apb_clk_reset_if gon_axi2apb_tb.apb_if gon_axi2apb_tb.axi_clk_reset_if {gon_axi2apb_tb.axi_if[0]} } -aggregates  -fid VPD3
set _session_group_10 Group2
set Group2 "$_session_group_10"
set _session_group_11 Group3
set Group3 "$_session_group_11"
set _session_group_12 Group4
set Group4 "$_session_group_12"
set _session_group_13 Group5
set Group5 "$_session_group_13"
set _session_group_14 Group6
set Group6 "$_session_group_14"
set _session_group_15 Group7
set Group7 "$_session_group_15"
set _session_group_16 Group8
set Group8 "$_session_group_16"
# Global: Highlighting
# Global: Stack
# Post database loading setting...
# Save global setting...
# Wave/List view global setting
# Close all empty TopLevel windows
foreach __top [gui_ekki_get_window_ids -type TopLevel] {     if { [llength [gui_ekki_get_window_ids -parent $__top]] == 0} {         gui_close_window -window $__top     } }
# DVE View/pane content session:
# Hier 'Hier.1'
catch {gui_list_expand -id ${Hier.1} gon_axi2apb_tb}
catch {gui_list_select -id ${Hier.1} {{gon_axi2apb_tb.axi_if[0]}}}
# Class 'Class.1'
catch {gui_list_expand -id ${Class.1} {$class.uvm_object_wrapper}}
catch {gui_list_expand -id ${Class.1} {$class.uvm_void}}
catch {gui_list_expand -id ${Class.1} {$class.uvm_object}}
catch {gui_list_expand -id ${Class.1} {$class.uvm_report_object}}
catch {gui_list_expand -id ${Class.1} {$class.uvm_component}}
catch {gui_list_expand -id ${Class.1} {$class.uvm_monitor}}
catch { gui_list_select -id ${Class.1} {{$class.gon_axi_master_monitor} }}
# Warning: Class view not found.
# Member 'Member.1'
# Data 'Data.1'
catch { gui_list_select -id ${Data.1} {{gon_axi2apb_tb.axi_if[0].debug_rd_length} }}
# Source 'Source.1'
# View 'Wave.1'
set groupExD [gui_get_pref_value -category Wave -key exclusiveSG]
set origWaveHeight [gui_get_pref_value -category Wave -key waveRowHeight]
set origGroupCreationState [gui_list_create_group_when_add -wave]
if {$origGroupCreationState} { 	gui_list_create_group_when_add -wave -enable }
if { $groupExD } {  gui_msg_report -code DVWW028 }
# Restore toplevel window zorder
# The toplevel window could be closed if it has no view/pane
if {[gui_exist_window -window ${TopLevel.2}]} { 	gui_set_active_window -window ${TopLevel.2} 	gui_set_active_window -window ${Wave.1} }
if {[gui_exist_window -window ${TopLevel.1}]} { 	gui_set_active_window -window ${TopLevel.1} 	gui_set_active_window -window ${Source.1} 	gui_set_active_window -window ${Console.1} }
#</Session>
synopsys::xml {frames <data updateType="preserve" itemId="none" viewId="Stack.1" />}
synopsys::xml {frames <data updateType="preserve" itemId="none" viewId="Stack.1" />}
synopsys::watch  -file  $::env(PWD)/../vip_lib/gon_axi/gon_axi_master/gon_axi_master_monitor.sv  -line  35
synopsys::watch -raw
synopsys::run
set ucliGUI::state
set ucliGUI::state
set ucliGUI::state
set ucliGUI::state
set ucliGUI::state
synopsys::xml get_stop_data
synopsys::xml {frames <data updateType="preserve" itemId="none" viewId="Stack.1" />}
synopsys::xml {locals <data updateType="preserve" itemId="none" frame_id="frame(213:0:92)" viewId="Local.1" />}
synopsys::xml {evaluate <data updateType="increment" itemId="127601648" frame_id="frame(143:9:90)" viewId="Hidden 6" > <item separator="." expr="this" open="1" name="this" depth="1" /></data>}
synopsys::xml {evaluate <data updateType="increment" itemId="129983120" frame_id="frame(143:9:90)" viewId="Hidden 7" > <item separator="." expr="this.super" open="1" name="super" depth="1" /></data>}
synopsys::xml {evaluate <data updateType="increment" itemId="132160224" frame_id="frame(143:9:90)" viewId="Hidden 8" > <item separator="." expr="this.super.super" open="1" name="super" depth="1" /></data>}
synopsys::xml {evaluate <data updateType="increment" itemId="131637888" frame_id="frame(143:9:90)" viewId="Hidden 9" > <item separator="." expr="this.super.super.super" open="1" name="super" depth="1" /></data>}
synopsys::xml {evaluate <data updateType="increment" itemId="130990656" frame_id="frame(143:9:90)" viewId="Hidden 10" > <item separator="." expr="this.super.super.super.super" open="1" name="super" depth="1" /></data>}
trigger_hier_stack_context_switch 1
synopsys::watch  -file  $::env(PWD)/../vip_lib/gon_axi/gon_axi_master/gon_axi_master_monitor.sv  -line  42
synopsys::watch -raw
synopsys::watch  -file  $::env(PWD)/../vip_lib/gon_axi/gon_axi_master/gon_axi_master_monitor.sv  -line  43
synopsys::watch -raw
synopsys::run
set ucliGUI::state
set ucliGUI::state
set ucliGUI::state
