
Warning-[RT_SMLWITHGUI] Smartlog with -gui
  The '-sml' flag is ignored; Smartlog is always enabled with '-gui'.
  The Smartlog is stored at DVEfiles/dve_gui.log.

Chronologic VCS simulator copyright 1991-2018
Contains Synopsys proprietary information.
Compiler version O-2018.09-SP2_Full64; Runtime version O-2018.09-SP2_Full64;  Mar 12 13:02 2025
UVM_INFO /opt/synopsys/vcs/vcs-mx/O-2018.09-SP2/etc/uvm-1.2/base/uvm_root.svh(402) @ 0: reporter [UVM/RELNOTES] 
----------------------------------------------------------------
UVM-1.2.Synopsys
(C) 2007-2014 Mentor Graphics Corporation
(C) 2007-2014 Cadence Design Systems, Inc.
(C) 2006-2014 Synopsys, Inc.
(C) 2011-2013 Cypress Semiconductor Corp.
(C) 2013-2014 NVIDIA Corporation
----------------------------------------------------------------

  ***********       IMPORTANT RELEASE NOTES         ************

  You are using a version of the UVM library that has been compiled
  with `UVM_NO_DEPRECATED undefined.
  See http://www.eda.org/svdb/view.php?id=3313 for more details.

  You are using a version of the UVM library that has been compiled
  with `UVM_OBJECT_DO_NOT_NEED_CONSTRUCTOR undefined.
  See http://www.eda.org/svdb/view.php?id=3770 for more details.

      (Specify +UVM_NO_RELNOTES to turn off this notice)

VCD+ Writer O-2018.09-SP2_Full64 Copyright (c) 1991-2018 by Synopsys Inc.
The design has assertions or cover properties.
The assertion browser can be used to view them. Click on the assertion toolbar button or use the menu 'Window->Panes->Assertion' to open it.
The file '/home/icstudy/Desktop/axi2apb_03_12/sim/inter.vpd' was opened successfully.
GUI mode
           V C S   S i m u l a t i o n   R e p o r t 
Time: 00 ps
CPU Time:      0.420 seconds;       Data structure size:   8.6Mb
Wed Mar 12 13:02:31 2025
Chronologic VCS simulator copyright 1991-2018
Contains Synopsys proprietary information.
Compiler version O-2018.09-SP2_Full64; Runtime version O-2018.09-SP2_Full64;  Mar 12 13:02 2025
UVM_INFO /opt/synopsys/vcs/vcs-mx/O-2018.09-SP2/etc/uvm-1.2/base/uvm_root.svh(402) @ 0: reporter [UVM/RELNOTES] 
----------------------------------------------------------------
UVM-1.2.Synopsys
(C) 2007-2014 Mentor Graphics Corporation
(C) 2007-2014 Cadence Design Systems, Inc.
(C) 2006-2014 Synopsys, Inc.
(C) 2011-2013 Cypress Semiconductor Corp.
(C) 2013-2014 NVIDIA Corporation
----------------------------------------------------------------

  ***********       IMPORTANT RELEASE NOTES         ************

  You are using a version of the UVM library that has been compiled
  with `UVM_NO_DEPRECATED undefined.
  See http://www.eda.org/svdb/view.php?id=3313 for more details.

  You are using a version of the UVM library that has been compiled
  with `UVM_OBJECT_DO_NOT_NEED_CONSTRUCTOR undefined.
  See http://www.eda.org/svdb/view.php?id=3770 for more details.

      (Specify +UVM_NO_RELNOTES to turn off this notice)

VCD+ Writer O-2018.09-SP2_Full64 Copyright (c) 1991-2018 by Synopsys Inc.
The design has assertions or cover properties.
The assertion browser can be used to view them. Click on the assertion toolbar button or use the menu 'Window->Panes->Assertion' to open it.
The file '/home/icstudy/Desktop/axi2apb_03_12/sim/inter.vpd' was opened successfully.
Information: *** Instance gon_axi2apb_tb.dut.U_WR_DATA_BUFF.U_WRITE_FIFO_CONTROL_S2 module is using the <Dual Clock FIFO Controller (11)> Clock Domain Crossing Method ***
Information: *** Instance gon_axi2apb_tb.dut.U_RESP_BUFF.U_RESP_FIFO_CONTROL_S2 module is using the <Dual Clock FIFO Controller (11)> Clock Domain Crossing Method ***
Information: *** Instance gon_axi2apb_tb.dut.U_RD_DATA_BUFF.U_READ_FIFO_CONTROL_S2 module is using the <Dual Clock FIFO Controller (11)> Clock Domain Crossing Method ***
Information: *** Instance gon_axi2apb_tb.dut.U_CMD_QUEUE.U_CMD_FIFO_CONTROL_S2 module is using the <Dual Clock FIFO Controller (11)> Clock Domain Crossing Method ***
UVM_INFO @ 0: reporter [RNTST] Running test gon_axi2apb_smoke_test...
UVM_INFO /opt/synopsys/vcs/vcs-mx/O-2018.09-SP2/etc/uvm-1.2/base/uvm_phase.svh(1797) @ 0: reporter [PH/TRC/WAIT_PRED_OF_SUCC] Phase 'common.build' (id=195) *** No pred to succ other than myself, so ending phase ***
UVM_INFO /opt/synopsys/vcs/vcs-mx/O-2018.09-SP2/etc/uvm-1.2/base/uvm_phase.svh(1797) @ 0: reporter [PH/TRC/WAIT_PRED_OF_SUCC] Phase 'common.connect' (id=198) *** No pred to succ other than myself, so ending phase ***
UVM_INFO /opt/synopsys/vcs/vcs-mx/O-2018.09-SP2/etc/uvm-1.2/base/uvm_phase.svh(1797) @ 0: reporter [PH/TRC/WAIT_PRED_OF_SUCC] Phase 'common.end_of_elaboration' (id=201) *** No pred to succ other than myself, so ending phase ***
UVM_INFO /opt/synopsys/vcs/vcs-mx/O-2018.09-SP2/etc/uvm-1.2/base/uvm_phase.svh(1797) @ 0: reporter [PH/TRC/WAIT_PRED_OF_SUCC] Phase 'common.start_of_simulation' (id=204) *** No pred to succ other than myself, so ending phase ***
UVM_INFO ../vip_lib/gon_apb/./gon_apb_slave_driver.sv(98) @ 0: uvm_test_top.env.apb_slv.driver [gon_apb_slave_driver] reset_listener ...
UVM_INFO ../vip_lib/gon_axi/././gon_axi_master/gon_axi_master_driver.sv(178) @ 0: uvm_test_top.env.axi_mst.driver [gon_axi_master_driver] reset_listener ...
Error: synopsys::run
Error: "gon_axi2apb_tb.simv" failed to start or died unexpectedly
dve> restart
Chronologic VCS simulator copyright 1991-2018
Contains Synopsys proprietary information.
Compiler version O-2018.09-SP2_Full64; Runtime version O-2018.09-SP2_Full64;  Mar 12 13:05 2025
UVM_INFO /opt/synopsys/vcs/vcs-mx/O-2018.09-SP2/etc/uvm-1.2/base/uvm_root.svh(402) @ 0: reporter [UVM/RELNOTES] 
----------------------------------------------------------------
UVM-1.2.Synopsys
(C) 2007-2014 Mentor Graphics Corporation
(C) 2007-2014 Cadence Design Systems, Inc.
(C) 2006-2014 Synopsys, Inc.
(C) 2011-2013 Cypress Semiconductor Corp.
(C) 2013-2014 NVIDIA Corporation
----------------------------------------------------------------

  ***********       IMPORTANT RELEASE NOTES         ************

  You are using a version of the UVM library that has been compiled
  with `UVM_NO_DEPRECATED undefined.
  See http://www.eda.org/svdb/view.php?id=3313 for more details.

  You are using a version of the UVM library that has been compiled
  with `UVM_OBJECT_DO_NOT_NEED_CONSTRUCTOR undefined.
  See http://www.eda.org/svdb/view.php?id=3770 for more details.

      (Specify +UVM_NO_RELNOTES to turn off this notice)

VCD+ Writer O-2018.09-SP2_Full64 Copyright (c) 1991-2018 by Synopsys Inc.
The file '/home/icstudy/Desktop/axi2apb_03_12/sim/inter.vpd' was opened successfully.

Stop point #1 @ 105000 ps;  
Information: *** Instance gon_axi2apb_tb.dut.U_WR_DATA_BUFF.U_WRITE_FIFO_CONTROL_S2 module is using the <Dual Clock FIFO Controller (11)> Clock Domain Crossing Method ***
Information: *** Instance gon_axi2apb_tb.dut.U_RESP_BUFF.U_RESP_FIFO_CONTROL_S2 module is using the <Dual Clock FIFO Controller (11)> Clock Domain Crossing Method ***
Information: *** Instance gon_axi2apb_tb.dut.U_RD_DATA_BUFF.U_READ_FIFO_CONTROL_S2 module is using the <Dual Clock FIFO Controller (11)> Clock Domain Crossing Method ***
Information: *** Instance gon_axi2apb_tb.dut.U_CMD_QUEUE.U_CMD_FIFO_CONTROL_S2 module is using the <Dual Clock FIFO Controller (11)> Clock Domain Crossing Method ***
UVM_INFO @ 0: reporter [RNTST] Running test gon_axi2apb_smoke_test...
UVM_INFO /opt/synopsys/vcs/vcs-mx/O-2018.09-SP2/etc/uvm-1.2/base/uvm_phase.svh(1797) @ 0: reporter [PH/TRC/WAIT_PRED_OF_SUCC] Phase 'common.build' (id=195) *** No pred to succ other than myself, so ending phase ***
UVM_INFO /opt/synopsys/vcs/vcs-mx/O-2018.09-SP2/etc/uvm-1.2/base/uvm_phase.svh(1797) @ 0: reporter [PH/TRC/WAIT_PRED_OF_SUCC] Phase 'common.connect' (id=198) *** No pred to succ other than myself, so ending phase ***
UVM_INFO /opt/synopsys/vcs/vcs-mx/O-2018.09-SP2/etc/uvm-1.2/base/uvm_phase.svh(1797) @ 0: reporter [PH/TRC/WAIT_PRED_OF_SUCC] Phase 'common.end_of_elaboration' (id=201) *** No pred to succ other than myself, so ending phase ***
UVM_INFO /opt/synopsys/vcs/vcs-mx/O-2018.09-SP2/etc/uvm-1.2/base/uvm_phase.svh(1797) @ 0: reporter [PH/TRC/WAIT_PRED_OF_SUCC] Phase 'common.start_of_simulation' (id=204) *** No pred to succ other than myself, so ending phase ***
UVM_INFO ../vip_lib/gon_apb/./gon_apb_slave_driver.sv(98) @ 0: uvm_test_top.env.apb_slv.driver [gon_apb_slave_driver] reset_listener ...
UVM_INFO ../vip_lib/gon_axi/././gon_axi_master/gon_axi_master_driver.sv(178) @ 0: uvm_test_top.env.axi_mst.driver [gon_axi_master_driver] reset_listener ...
UVM_INFO ../seq_lib/gon_axi2apb_smoke_virt_seq.sv(20) @ 0: uvm_test_top.env.virt_sqr@@seq [body] Entered...
UVM_INFO ../seq_lib/elem_seqs/gon_axi2apb_clk_reset_set_seq.sv(25) @ 0: uvm_test_top.env.virt_sqr@@seq.clk_reset_set [body] Entered...
UVM_INFO ../vip_lib/gon_clk_reset/././sequence_lib/gon_clk_reset_seq.sv(23) @ 0: uvm_test_top.env.axi_clk_reset.sequencer@@seq.clk_reset_set.axi_clk_reset_seq [body] Entered...
UVM_INFO ../vip_lib/gon_clk_reset/././sequence_lib/gon_clk_reset_seq.sv(23) @ 0: uvm_test_top.env.apb_clk_reset.sequencer@@seq.clk_reset_set.apb_clk_reset_seq [body] Entered...
UVM_INFO ../vip_lib/gon_clk_reset/./gon_clk_reset_driver.sv(34) @ 0: uvm_test_top.env.axi_clk_reset.driver [gon_clk_reset_driver] sequencer get next item
UVM_INFO ../vip_lib/gon_clk_reset/./gon_clk_reset_driver.sv(37) @ 0: uvm_test_top.env.axi_clk_reset.driver [gon_clk_reset_driver] sequencer item_done_triggered
UVM_INFO ../vip_lib/gon_clk_reset/./gon_clk_reset_driver.sv(34) @ 0: uvm_test_top.env.apb_clk_reset.driver [gon_clk_reset_driver] sequencer get next item
UVM_INFO ../vip_lib/gon_clk_reset/./gon_clk_reset_driver.sv(37) @ 0: uvm_test_top.env.apb_clk_reset.driver [gon_clk_reset_driver] sequencer item_done_triggered
UVM_INFO ../vip_lib/gon_clk_reset/././sequence_lib/gon_clk_reset_seq.sv(30) @ 0: uvm_test_top.env.axi_clk_reset.sequencer@@seq.clk_reset_set.axi_clk_reset_seq [body] Exited...
UVM_INFO ../vip_lib/gon_clk_reset/././sequence_lib/gon_clk_reset_seq.sv(30) @ 0: uvm_test_top.env.apb_clk_reset.sequencer@@seq.clk_reset_set.apb_clk_reset_seq [body] Exited...
UVM_INFO ../seq_lib/elem_seqs/gon_axi2apb_clk_reset_set_seq.sv(38) @ 0: uvm_test_top.env.virt_sqr@@seq.clk_reset_set [body] Exiting...
UVM_INFO ../seq_lib/elem_seqs/gon_axi2apb_write_seq.sv(33) @ 0: uvm_test_top.env.virt_sqr@@seq.burst_write [gon_axi2apb_write_seq] Starting sequence
UVM_INFO ../vip_lib/gon_apb/sequence_lib/gon_apb_slave_ready.sv(28) @ 0: uvm_test_top.env.apb_slv.sequencer@@seq.burst_write.slave_ready_seq [gon_apb_slave_ready] Starting sequence
UVM_INFO ../vip_lib/gon_axi/sequence_lib/gon_axi_transfer_seq.sv(35) @ 0: uvm_test_top.env.axi_mst.sequencer@@seq.burst_write.axi_transfer_seq [gon_axi_transfer_seq] Starting sequence
UVM_INFO ../vip_lib/gon_apb/./gon_apb_driver.sv(33) @ 0: uvm_test_top.env.apb_slv.driver [gon_apb_slave_driver] sequencer get next item
UVM_INFO ../vip_lib/gon_axi/././gon_axi_master/gon_axi_master_driver.sv(174) @ 10500: uvm_test_top.env.axi_mst.driver [gon_axi_master_driver] reset is finished
UVM_INFO ../vip_lib/gon_axi/././gon_axi_master/gon_axi_master_driver.sv(36) @ 10500: uvm_test_top.env.axi_mst.driver [gon_axi_master_driver] sequencer get next item
UVM_INFO ../vip_lib/gon_apb/./gon_apb_driver.sv(40) @ 18500: uvm_test_top.env.apb_slv.driver [gon_apb_slave_driver] sequencer item_done_triggered
UVM_INFO ../vip_lib/gon_apb/sequence_lib/gon_apb_slave_ready.sv(37) @ 18500: uvm_test_top.env.apb_slv.sequencer@@seq.burst_write.slave_ready_seq [gon_apb_slave_ready] Done sequence:  
UVM_INFO ../vip_lib/gon_apb/sequence_lib/gon_apb_slave_ready.sv(28) @ 18500: uvm_test_top.env.apb_slv.sequencer@@seq.burst_write.slave_ready_seq [gon_apb_slave_ready] Starting sequence
UVM_INFO ../vip_lib/gon_apb/./gon_apb_driver.sv(33) @ 18500: uvm_test_top.env.apb_slv.driver [gon_apb_slave_driver] sequencer get next item
UVM_INFO ../vip_lib/gon_apb/./gon_apb_driver.sv(40) @ 20500: uvm_test_top.env.apb_slv.driver [gon_apb_slave_driver] sequencer item_done_triggered
UVM_INFO ../vip_lib/gon_apb/sequence_lib/gon_apb_slave_ready.sv(37) @ 20500: uvm_test_top.env.apb_slv.sequencer@@seq.burst_write.slave_ready_seq [gon_apb_slave_ready] Done sequence:  
UVM_INFO ../vip_lib/gon_apb/sequence_lib/gon_apb_slave_ready.sv(28) @ 20500: uvm_test_top.env.apb_slv.sequencer@@seq.burst_write.slave_ready_seq [gon_apb_slave_ready] Starting sequence
UVM_INFO ../vip_lib/gon_apb/./gon_apb_driver.sv(33) @ 20500: uvm_test_top.env.apb_slv.driver [gon_apb_slave_driver] sequencer get next item
UVM_INFO ../vip_lib/gon_apb/./gon_apb_driver.sv(40) @ 26500: uvm_test_top.env.apb_slv.driver [gon_apb_slave_driver] sequencer item_done_triggered
UVM_INFO ../vip_lib/gon_apb/sequence_lib/gon_apb_slave_ready.sv(37) @ 26500: uvm_test_top.env.apb_slv.sequencer@@seq.burst_write.slave_ready_seq [gon_apb_slave_ready] Done sequence:  
UVM_INFO ../vip_lib/gon_apb/sequence_lib/gon_apb_slave_ready.sv(28) @ 26500: uvm_test_top.env.apb_slv.sequencer@@seq.burst_write.slave_ready_seq [gon_apb_slave_ready] Starting sequence
UVM_INFO ../vip_lib/gon_apb/./gon_apb_driver.sv(33) @ 26500: uvm_test_top.env.apb_slv.driver [gon_apb_slave_driver] sequencer get next item
UVM_INFO ../vip_lib/gon_apb/./gon_apb_driver.sv(40) @ 28500: uvm_test_top.env.apb_slv.driver [gon_apb_slave_driver] sequencer item_done_triggered
UVM_INFO ../vip_lib/gon_apb/sequence_lib/gon_apb_slave_ready.sv(37) @ 28500: uvm_test_top.env.apb_slv.sequencer@@seq.burst_write.slave_ready_seq [gon_apb_slave_ready] Done sequence:  
UVM_INFO ../vip_lib/gon_apb/sequence_lib/gon_apb_slave_ready.sv(28) @ 28500: uvm_test_top.env.apb_slv.sequencer@@seq.burst_write.slave_ready_seq [gon_apb_slave_ready] Starting sequence
UVM_INFO ../vip_lib/gon_apb/./gon_apb_driver.sv(33) @ 28500: uvm_test_top.env.apb_slv.driver [gon_apb_slave_driver] sequencer get next item
UVM_INFO ../vip_lib/gon_apb/./gon_apb_driver.sv(40) @ 34500: uvm_test_top.env.apb_slv.driver [gon_apb_slave_driver] sequencer item_done_triggered
UVM_INFO ../vip_lib/gon_apb/sequence_lib/gon_apb_slave_ready.sv(37) @ 34500: uvm_test_top.env.apb_slv.sequencer@@seq.burst_write.slave_ready_seq [gon_apb_slave_ready] Done sequence:  
UVM_INFO ../vip_lib/gon_apb/sequence_lib/gon_apb_slave_ready.sv(28) @ 34500: uvm_test_top.env.apb_slv.sequencer@@seq.burst_write.slave_ready_seq [gon_apb_slave_ready] Starting sequence
UVM_INFO ../vip_lib/gon_apb/./gon_apb_driver.sv(33) @ 34500: uvm_test_top.env.apb_slv.driver [gon_apb_slave_driver] sequencer get next item
UVM_INFO ../vip_lib/gon_apb/./gon_apb_driver.sv(40) @ 36500: uvm_test_top.env.apb_slv.driver [gon_apb_slave_driver] sequencer item_done_triggered
UVM_INFO ../vip_lib/gon_apb/sequence_lib/gon_apb_slave_ready.sv(37) @ 36500: uvm_test_top.env.apb_slv.sequencer@@seq.burst_write.slave_ready_seq [gon_apb_slave_ready] Done sequence:  
UVM_INFO ../vip_lib/gon_apb/sequence_lib/gon_apb_slave_ready.sv(28) @ 36500: uvm_test_top.env.apb_slv.sequencer@@seq.burst_write.slave_ready_seq [gon_apb_slave_ready] Starting sequence
UVM_INFO ../vip_lib/gon_apb/./gon_apb_driver.sv(33) @ 36500: uvm_test_top.env.apb_slv.driver [gon_apb_slave_driver] sequencer get next item
UVM_INFO ../vip_lib/gon_apb/./gon_apb_driver.sv(40) @ 42500: uvm_test_top.env.apb_slv.driver [gon_apb_slave_driver] sequencer item_done_triggered
UVM_INFO ../vip_lib/gon_apb/sequence_lib/gon_apb_slave_ready.sv(37) @ 42500: uvm_test_top.env.apb_slv.sequencer@@seq.burst_write.slave_ready_seq [gon_apb_slave_ready] Done sequence:  
UVM_INFO ../vip_lib/gon_apb/sequence_lib/gon_apb_slave_ready.sv(28) @ 42500: uvm_test_top.env.apb_slv.sequencer@@seq.burst_write.slave_ready_seq [gon_apb_slave_ready] Starting sequence
UVM_INFO ../vip_lib/gon_apb/./gon_apb_driver.sv(33) @ 42500: uvm_test_top.env.apb_slv.driver [gon_apb_slave_driver] sequencer get next item
UVM_INFO ../vip_lib/gon_apb/./gon_apb_driver.sv(40) @ 44500: uvm_test_top.env.apb_slv.driver [gon_apb_slave_driver] sequencer item_done_triggered
UVM_INFO ../vip_lib/gon_apb/sequence_lib/gon_apb_slave_ready.sv(37) @ 44500: uvm_test_top.env.apb_slv.sequencer@@seq.burst_write.slave_ready_seq [gon_apb_slave_ready] Done sequence:  
UVM_INFO ../vip_lib/gon_axi/././gon_axi_master/gon_axi_master_driver.sv(42) @ 51500: uvm_test_top.env.axi_mst.driver [gon_axi_master_driver] sequencer item_done_triggered
UVM_INFO ../vip_lib/gon_axi/sequence_lib/gon_axi_transfer_seq.sv(47) @ 51500: uvm_test_top.env.axi_mst.sequencer@@seq.burst_write.axi_transfer_seq [gon_axi_transfer_seq] Done sequence:  
UVM_INFO ../seq_lib/elem_seqs/gon_axi2apb_write_seq.sv(61) @ 51500: uvm_test_top.env.virt_sqr@@seq.burst_write [gon_axi2apb_write_seq] Done sequence
UVM_INFO ../seq_lib/elem_seqs/gon_axi2apb_read_seq.sv(33) @ 51500: uvm_test_top.env.virt_sqr@@seq.burst_read [gon_axi2apb_read_seq] Starting sequence
UVM_INFO ../vip_lib/gon_apb/sequence_lib/gon_apb_slave_ready.sv(28) @ 51500: uvm_test_top.env.apb_slv.sequencer@@seq.burst_read.slave_ready_seq [gon_apb_slave_ready] Starting sequence
UVM_INFO ../vip_lib/gon_axi/sequence_lib/gon_axi_transfer_seq.sv(35) @ 51500: uvm_test_top.env.axi_mst.sequencer@@seq.burst_read.axi_transfer_seq [gon_axi_transfer_seq] Starting sequence
UVM_INFO ../vip_lib/gon_apb/./gon_apb_driver.sv(33) @ 51500: uvm_test_top.env.apb_slv.driver [gon_apb_slave_driver] sequencer get next item
UVM_INFO ../vip_lib/gon_axi/././gon_axi_master/gon_axi_master_driver.sv(36) @ 51500: uvm_test_top.env.axi_mst.driver [gon_axi_master_driver] sequencer get next item
UVM_INFO ../vip_lib/gon_apb/./gon_apb_driver.sv(40) @ 60500: uvm_test_top.env.apb_slv.driver [gon_apb_slave_driver] sequencer item_done_triggered
UVM_INFO ../vip_lib/gon_apb/sequence_lib/gon_apb_slave_ready.sv(37) @ 60500: uvm_test_top.env.apb_slv.sequencer@@seq.burst_read.slave_ready_seq [gon_apb_slave_ready] Done sequence:  
UVM_INFO ../vip_lib/gon_apb/sequence_lib/gon_apb_slave_ready.sv(28) @ 60500: uvm_test_top.env.apb_slv.sequencer@@seq.burst_read.slave_ready_seq [gon_apb_slave_ready] Starting sequence
UVM_INFO ../vip_lib/gon_apb/./gon_apb_driver.sv(33) @ 60500: uvm_test_top.env.apb_slv.driver [gon_apb_slave_driver] sequencer get next item
UVM_INFO ../vip_lib/gon_apb/./gon_apb_driver.sv(40) @ 62500: uvm_test_top.env.apb_slv.driver [gon_apb_slave_driver] sequencer item_done_triggered
UVM_INFO ../vip_lib/gon_apb/sequence_lib/gon_apb_slave_ready.sv(37) @ 62500: uvm_test_top.env.apb_slv.sequencer@@seq.burst_read.slave_ready_seq [gon_apb_slave_ready] Done sequence:  
UVM_INFO ../vip_lib/gon_apb/sequence_lib/gon_apb_slave_ready.sv(28) @ 62500: uvm_test_top.env.apb_slv.sequencer@@seq.burst_read.slave_ready_seq [gon_apb_slave_ready] Starting sequence
UVM_INFO ../vip_lib/gon_apb/./gon_apb_driver.sv(33) @ 62500: uvm_test_top.env.apb_slv.driver [gon_apb_slave_driver] sequencer get next item
UVM_INFO ../vip_lib/gon_apb/./gon_apb_driver.sv(40) @ 64500: uvm_test_top.env.apb_slv.driver [gon_apb_slave_driver] sequencer item_done_triggered
UVM_INFO ../vip_lib/gon_apb/sequence_lib/gon_apb_slave_ready.sv(37) @ 64500: uvm_test_top.env.apb_slv.sequencer@@seq.burst_read.slave_ready_seq [gon_apb_slave_ready] Done sequence:  
UVM_INFO ../vip_lib/gon_apb/sequence_lib/gon_apb_slave_ready.sv(28) @ 64500: uvm_test_top.env.apb_slv.sequencer@@seq.burst_read.slave_ready_seq [gon_apb_slave_ready] Starting sequence
UVM_INFO ../vip_lib/gon_apb/./gon_apb_driver.sv(33) @ 64500: uvm_test_top.env.apb_slv.driver [gon_apb_slave_driver] sequencer get next item
UVM_INFO ../vip_lib/gon_apb/./gon_apb_driver.sv(40) @ 71500: uvm_test_top.env.apb_slv.driver [gon_apb_slave_driver] sequencer item_done_triggered
UVM_INFO ../vip_lib/gon_apb/sequence_lib/gon_apb_slave_ready.sv(37) @ 71500: uvm_test_top.env.apb_slv.sequencer@@seq.burst_read.slave_ready_seq [gon_apb_slave_ready] Done sequence:  
UVM_INFO ../vip_lib/gon_apb/sequence_lib/gon_apb_slave_ready.sv(28) @ 71500: uvm_test_top.env.apb_slv.sequencer@@seq.burst_read.slave_ready_seq [gon_apb_slave_ready] Starting sequence
UVM_INFO ../vip_lib/gon_apb/./gon_apb_driver.sv(33) @ 71500: uvm_test_top.env.apb_slv.driver [gon_apb_slave_driver] sequencer get next item
UVM_INFO ../vip_lib/gon_apb/./gon_apb_driver.sv(40) @ 73500: uvm_test_top.env.apb_slv.driver [gon_apb_slave_driver] sequencer item_done_triggered
UVM_INFO ../vip_lib/gon_apb/sequence_lib/gon_apb_slave_ready.sv(37) @ 73500: uvm_test_top.env.apb_slv.sequencer@@seq.burst_read.slave_ready_seq [gon_apb_slave_ready] Done sequence:  
UVM_INFO ../vip_lib/gon_apb/sequence_lib/gon_apb_slave_ready.sv(28) @ 73500: uvm_test_top.env.apb_slv.sequencer@@seq.burst_read.slave_ready_seq [gon_apb_slave_ready] Starting sequence
UVM_INFO ../vip_lib/gon_apb/./gon_apb_driver.sv(33) @ 73500: uvm_test_top.env.apb_slv.driver [gon_apb_slave_driver] sequencer get next item
UVM_INFO ../vip_lib/gon_apb/./gon_apb_driver.sv(40) @ 80500: uvm_test_top.env.apb_slv.driver [gon_apb_slave_driver] sequencer item_done_triggered
UVM_INFO ../vip_lib/gon_apb/sequence_lib/gon_apb_slave_ready.sv(37) @ 80500: uvm_test_top.env.apb_slv.sequencer@@seq.burst_read.slave_ready_seq [gon_apb_slave_ready] Done sequence:  
UVM_INFO ../vip_lib/gon_apb/sequence_lib/gon_apb_slave_ready.sv(28) @ 80500: uvm_test_top.env.apb_slv.sequencer@@seq.burst_read.slave_ready_seq [gon_apb_slave_ready] Starting sequence
UVM_INFO ../vip_lib/gon_apb/./gon_apb_driver.sv(33) @ 80500: uvm_test_top.env.apb_slv.driver [gon_apb_slave_driver] sequencer get next item
UVM_INFO ../vip_lib/gon_apb/./gon_apb_driver.sv(40) @ 82500: uvm_test_top.env.apb_slv.driver [gon_apb_slave_driver] sequencer item_done_triggered
UVM_INFO ../vip_lib/gon_apb/sequence_lib/gon_apb_slave_ready.sv(37) @ 82500: uvm_test_top.env.apb_slv.sequencer@@seq.burst_read.slave_ready_seq [gon_apb_slave_ready] Done sequence:  
UVM_INFO ../vip_lib/gon_apb/sequence_lib/gon_apb_slave_ready.sv(28) @ 82500: uvm_test_top.env.apb_slv.sequencer@@seq.burst_read.slave_ready_seq [gon_apb_slave_ready] Starting sequence
UVM_INFO ../vip_lib/gon_apb/./gon_apb_driver.sv(33) @ 82500: uvm_test_top.env.apb_slv.driver [gon_apb_slave_driver] sequencer get next item
UVM_INFO ../vip_lib/gon_apb/./gon_apb_driver.sv(40) @ 89500: uvm_test_top.env.apb_slv.driver [gon_apb_slave_driver] sequencer item_done_triggered
UVM_INFO ../vip_lib/gon_apb/sequence_lib/gon_apb_slave_ready.sv(37) @ 89500: uvm_test_top.env.apb_slv.sequencer@@seq.burst_read.slave_ready_seq [gon_apb_slave_ready] Done sequence:  
UVM_INFO ../vip_lib/gon_axi/././gon_axi_master/gon_axi_master_driver.sv(42) @ 95500: uvm_test_top.env.axi_mst.driver [gon_axi_master_driver] sequencer item_done_triggered
UVM_INFO ../vip_lib/gon_axi/sequence_lib/gon_axi_transfer_seq.sv(47) @ 95500: uvm_test_top.env.axi_mst.sequencer@@seq.burst_read.axi_transfer_seq [gon_axi_transfer_seq] Done sequence:  
UVM_INFO ../seq_lib/elem_seqs/gon_axi2apb_read_seq.sv(61) @ 95500: uvm_test_top.env.virt_sqr@@seq.burst_read [gon_axi2apb_read_seq] Done sequence
UVM_INFO ../seq_lib/gon_axi2apb_smoke_virt_seq.sv(49) @ 100500: uvm_test_top.env.virt_sqr@@seq [body] Exited...
UVM_INFO /opt/synopsys/vcs/vcs-mx/O-2018.09-SP2/etc/uvm-1.2/base/uvm_objection.svh(1276) @ 100500: reporter [TEST_DONE] 'run' phase is ready to proceed to the 'extract' phase
UVM_INFO /opt/synopsys/vcs/vcs-mx/O-2018.09-SP2/etc/uvm-1.2/base/uvm_phase.svh(1797) @ 100500: reporter [PH/TRC/WAIT_PRED_OF_SUCC] Phase 'common.extract' (id=216) *** No pred to succ other than myself, so ending phase ***
UVM_INFO /opt/synopsys/vcs/vcs-mx/O-2018.09-SP2/etc/uvm-1.2/base/uvm_phase.svh(1797) @ 100500: reporter [PH/TRC/WAIT_PRED_OF_SUCC] Phase 'common.check' (id=219) *** No pred to succ other than myself, so ending phase ***
UVM_INFO /opt/synopsys/vcs/vcs-mx/O-2018.09-SP2/etc/uvm-1.2/base/uvm_phase.svh(1797) @ 100500: reporter [PH/TRC/WAIT_PRED_OF_SUCC] Phase 'common.report' (id=222) *** No pred to succ other than myself, so ending phase ***
UVM_INFO /opt/synopsys/vcs/vcs-mx/O-2018.09-SP2/etc/uvm-1.2/base/uvm_phase.svh(1797) @ 100500: reporter [PH/TRC/WAIT_PRED_OF_SUCC] Phase 'common.final' (id=225) *** No pred to succ other than myself, so ending phase ***
UVM_INFO /opt/synopsys/vcs/vcs-mx/O-2018.09-SP2/etc/uvm-1.2/base/uvm_report_catcher.svh(705) @ 100500: reporter [UVM/REPORT/CATCHER] 
--- UVM Report catcher Summary ---


Number of demoted UVM_FATAL reports  :    0
Number of demoted UVM_ERROR reports  :    0
Number of demoted UVM_WARNING reports:    0
Number of caught UVM_FATAL reports   :    0
Number of caught UVM_ERROR reports   :    0
Number of caught UVM_WARNING reports :    0

UVM_INFO /opt/synopsys/vcs/vcs-mx/O-2018.09-SP2/etc/uvm-1.2/base/uvm_report_server.svh(894) @ 100500: reporter [UVM/REPORT/SERVER] 
--- UVM Report Summary ---

** Report counts by severity
UVM_INFO :  103
UVM_WARNING :    0
UVM_ERROR :    0
UVM_FATAL :    0
** Report counts by id
[PH/TRC/WAIT_PRED_OF_SUCC]     8
[RNTST]     1
[TEST_DONE]     1
[UVM/RELNOTES]     1
[UVM/REPORT/CATCHER]     1
[body]     8
[gon_apb_slave_driver]    33
[gon_apb_slave_ready]    32
[gon_axi2apb_read_seq]     2
[gon_axi2apb_write_seq]     2
[gon_axi_master_driver]     6
[gon_axi_transfer_seq]     4
[gon_clk_reset_driver]     4

$finish called from file "/opt/synopsys/vcs/vcs-mx/O-2018.09-SP2/etc/uvm-1.2/base/uvm_root.svh", line 527.
$finish at simulation time               100500
Simulation complete, time is 1005000 ps.
Error-[UCLI-STOP-UNABLE-SET-STOP-POINT] Unable to set breakpoint
  The setting of line breakpoint in file 
  /home/icstudy/Desktop/axi2apb_03_12/sim/../vip_lib/gon_axi/gon_axi_master/gon_axi_master_monitor.sv
  line 35 due to 'stop' command was not successful. 
  Please verify that the 'stop' command arguments are valid and that the 
  statement/enclosing subprogram at file/line is complete and used in the 
  design.  Also verify that the statement on which the BP is being added is in
  a module compiled with line debug capability.  If the BP is being set inside
  a TF, make sure the design is not compiled with '+vpi+1'.  Please recompile 
  using the '-debug_access<+options>' switch and incremental options as 
  required.  Recommended options are '-debug_access' for post-process debug, 
  '-debug_access+class' for testbench debug, and '-debug_access+all' for all 
  debug capabilities.  Refer the VCS user guide for more granular options for 
  debug control under the switch '-debug_access' and refer to '-debug_region' 
  for region control.
Error-[UCLI-STOP-UNABLE-SET-STOP-POINT] Unable to set breakpoint
  The setting of line breakpoint in file 
  /home/icstudy/Desktop/axi2apb_03_12/sim/../vip_lib/gon_axi/gon_axi_master/gon_axi_master_monitor.sv
  line 39 due to 'stop' command was not successful. 
  Please verify that the 'stop' command arguments are valid and that the 
  statement/enclosing subprogram at file/line is complete and used in the 
  design.  Also verify that the statement on which the BP is being added is in
  a module compiled with line debug capability.  If the BP is being set inside
  a TF, make sure the design is not compiled with '+vpi+1'.  Please recompile 
  using the '-debug_access<+options>' switch and incremental options as 
  required.  Recommended options are '-debug_access' for post-process debug, 
  '-debug_access+class' for testbench debug, and '-debug_access+all' for all 
  debug capabilities.  Refer the VCS user guide for more granular options for 
  debug control under the switch '-debug_access' and refer to '-debug_region' 
  for region control.
dve> restart
Chronologic VCS simulator copyright 1991-2018
Contains Synopsys proprietary information.
Compiler version O-2018.09-SP2_Full64; Runtime version O-2018.09-SP2_Full64;  Mar 12 13:11 2025
UVM_INFO /opt/synopsys/vcs/vcs-mx/O-2018.09-SP2/etc/uvm-1.2/base/uvm_root.svh(402) @ 0: reporter [UVM/RELNOTES] 
----------------------------------------------------------------
UVM-1.2.Synopsys
(C) 2007-2014 Mentor Graphics Corporation
(C) 2007-2014 Cadence Design Systems, Inc.
(C) 2006-2014 Synopsys, Inc.
(C) 2011-2013 Cypress Semiconductor Corp.
(C) 2013-2014 NVIDIA Corporation
----------------------------------------------------------------

  ***********       IMPORTANT RELEASE NOTES         ************

  You are using a version of the UVM library that has been compiled
  with `UVM_NO_DEPRECATED undefined.
  See http://www.eda.org/svdb/view.php?id=3313 for more details.

  You are using a version of the UVM library that has been compiled
  with `UVM_OBJECT_DO_NOT_NEED_CONSTRUCTOR undefined.
  See http://www.eda.org/svdb/view.php?id=3770 for more details.

      (Specify +UVM_NO_RELNOTES to turn off this notice)

VCD+ Writer O-2018.09-SP2_Full64 Copyright (c) 1991-2018 by Synopsys Inc.
The file '/home/icstudy/Desktop/axi2apb_03_12/sim/inter.vpd' was opened successfully.

Stop point #1 @ 0 ps;  
Information: *** Instance gon_axi2apb_tb.dut.U_WR_DATA_BUFF.U_WRITE_FIFO_CONTROL_S2 module is using the <Dual Clock FIFO Controller (11)> Clock Domain Crossing Method ***
Information: *** Instance gon_axi2apb_tb.dut.U_RESP_BUFF.U_RESP_FIFO_CONTROL_S2 module is using the <Dual Clock FIFO Controller (11)> Clock Domain Crossing Method ***
Information: *** Instance gon_axi2apb_tb.dut.U_RD_DATA_BUFF.U_READ_FIFO_CONTROL_S2 module is using the <Dual Clock FIFO Controller (11)> Clock Domain Crossing Method ***
Information: *** Instance gon_axi2apb_tb.dut.U_CMD_QUEUE.U_CMD_FIFO_CONTROL_S2 module is using the <Dual Clock FIFO Controller (11)> Clock Domain Crossing Method ***
UVM_INFO @ 0: reporter [RNTST] Running test gon_axi2apb_smoke_test...
UVM_INFO /opt/synopsys/vcs/vcs-mx/O-2018.09-SP2/etc/uvm-1.2/base/uvm_phase.svh(1797) @ 0: reporter [PH/TRC/WAIT_PRED_OF_SUCC] Phase 'common.build' (id=195) *** No pred to succ other than myself, so ending phase ***
UVM_INFO /opt/synopsys/vcs/vcs-mx/O-2018.09-SP2/etc/uvm-1.2/base/uvm_phase.svh(1797) @ 0: reporter [PH/TRC/WAIT_PRED_OF_SUCC] Phase 'common.connect' (id=198) *** No pred to succ other than myself, so ending phase ***
UVM_INFO /opt/synopsys/vcs/vcs-mx/O-2018.09-SP2/etc/uvm-1.2/base/uvm_phase.svh(1797) @ 0: reporter [PH/TRC/WAIT_PRED_OF_SUCC] Phase 'common.end_of_elaboration' (id=201) *** No pred to succ other than myself, so ending phase ***
UVM_INFO /opt/synopsys/vcs/vcs-mx/O-2018.09-SP2/etc/uvm-1.2/base/uvm_phase.svh(1797) @ 0: reporter [PH/TRC/WAIT_PRED_OF_SUCC] Phase 'common.start_of_simulation' (id=204) *** No pred to succ other than myself, so ending phase ***
UVM_INFO ../vip_lib/gon_apb/./gon_apb_slave_driver.sv(98) @ 0: uvm_test_top.env.apb_slv.driver [gon_apb_slave_driver] reset_listener ...
UVM_INFO ../vip_lib/gon_axi/././gon_axi_master/gon_axi_master_driver.sv(178) @ 0: uvm_test_top.env.axi_mst.driver [gon_axi_master_driver] reset_listener ...
---------------------------------------------

Simulation has just terminated due to a severe internal error:


Release = 'O-2018.09-SP2_Full64'  Architecture = 'linux64'  Program = 'DVE'

'34147489 34183471 32623966 32633579 32516717 32517118 32413780 32458736 32462046 41396456 43276127 43281794 43282639 43285843 43310622 43281794 43431945 43450982 43598992 43281794 43285451 43285806 43600519 43281794 43431945 43450982 43285892 43311899 43281794 43431945 43450982 43598992 43281794 43285451 43531753 43281794 43431945 43450982 43598992 43281794 43285451 43285806 43600519 43281794 43431945 43450982 43285892 43311899 43281794 43431945 43450982 43598992 43281794 43285451 43531753 43281794 43282639 41393724 36887497 36864128 36902232 36894430 36895057 34197166 34706958 37152541 37346756 37347408 37653330 44488602 44488850 44667055 44170741 44171686 34661378 34464339 43869505 43863680 43922034 18480790 44238697 44238570 18479284 18207262 14523285 140737292825941'

---------------------------------------------
===============================DVE Context================================
Tcl="gui_eval_and_log_cmd gui_sim_continue  " 
Tcl="gui_simulator_start_continue_command " 
Command line: /opt/synopsys/vcs/vcs-mx/O-2018.09-SP2/gui/dve/linux64/bin/dve.exe -full64 -ucliplatform=linux64 -toolargs "-ucligui -toolexe out/obj/gon_axi2apb_tb.simv -a run.log +ntb_random_seed=1 +UVM_TESTNAME=gon_axi2apb_smoke_test +UVM_VERBOSITY=UVM_HIGH -cm_dir out/cov.vdb -cm_name gon_axi2apb_smoke_test_1 -do gon_axi2apb_sim_run.do  -pid 5299" -toolin /tmp/vcs_20250312050209_5295_icstudy..stdin -toolout /tmp/vcs_20250312050209_5295_icstudy..stdout
==========================================================================
