  CREATE_STREAM @0 {NAME:seq T:Transactions SCOPE:uvm_test_top.env.virt_sqr STREAM:1638}
  CREATE_STREAM @0 {NAME:seq T:Transactions SCOPE:uvm_test_top.env.virt_sqr STREAM:1638}
  CREATE_STREAM @0 {NAME:seq T:Transactions SCOPE:uvm_test_top.env.axi_clk_reset.sequencer STREAM:1665}
  CREATE_STREAM @0 {NAME:seq T:Transactions SCOPE:uvm_test_top.env.apb_clk_reset.sequencer STREAM:1674}
  CREATE_STREAM @0 {NAME:seq T:Transactions SCOPE:uvm_test_top.env.apb_slv.sequencer STREAM:1733}
  CREATE_STREAM @0 {NAME:seq T:Transactions SCOPE:uvm_test_top.env.axi_mst.sequencer STREAM:1742}
  CREATE_STREAM @0 {NAME:seq T:Transactions SCOPE:uvm_test_top.env.virt_sqr STREAM:1638}
  CREATE_STREAM @0 {NAME:seq T:Transactions SCOPE:uvm_test_top.env.axi_clk_reset.sequencer STREAM:1665}
  CREATE_STREAM @0 {NAME:seq T:Transactions SCOPE:uvm_test_top.env.apb_clk_reset.sequencer STREAM:1674}
  CREATE_STREAM @0 {NAME:seq T:Transactions SCOPE:uvm_test_top.env.apb_slv.sequencer STREAM:1733}
  CREATE_STREAM @0 {NAME:seq T:Transactions SCOPE:uvm_test_top.env.axi_mst.sequencer STREAM:1742}
  CREATE_STREAM @0 {NAME:seq T:Transactions SCOPE:uvm_test_top.env.virt_sqr STREAM:1638}
  CREATE_STREAM @0 {NAME:seq T:Transactions SCOPE:uvm_test_top.env.axi_clk_reset.sequencer STREAM:1665}
  CREATE_STREAM @0 {NAME:seq T:Transactions SCOPE:uvm_test_top.env.apb_clk_reset.sequencer STREAM:1674}
  CREATE_STREAM @0 {NAME:seq T:Transactions SCOPE:uvm_test_top.env.apb_slv.sequencer STREAM:1733}
  CREATE_STREAM @0 {NAME:seq T:Transactions SCOPE:uvm_test_top.env.axi_mst.sequencer STREAM:1742}
  CREATE_STREAM @0 {NAME:seq T:Transactions SCOPE:uvm_test_top.env.virt_sqr STREAM:1638}
  CREATE_STREAM @0 {NAME:seq T:Transactions SCOPE:uvm_test_top.env.axi_clk_reset.sequencer STREAM:1665}
  CREATE_STREAM @0 {NAME:seq T:Transactions SCOPE:uvm_test_top.env.apb_clk_reset.sequencer STREAM:1674}
  CREATE_STREAM @0 {NAME:seq T:Transactions SCOPE:uvm_test_top.env.apb_slv.sequencer STREAM:1733}
  CREATE_STREAM @0 {NAME:seq T:Transactions SCOPE:uvm_test_top.env.axi_mst.sequencer STREAM:1742}
  CREATE_STREAM @0 {NAME:seq T:Transactions SCOPE:uvm_test_top.env.virt_sqr STREAM:1630}
  CREATE_STREAM @0 {NAME:seq T:Transactions SCOPE:uvm_test_top.env.axi_clk_reset.sequencer STREAM:1657}
  CREATE_STREAM @0 {NAME:seq T:Transactions SCOPE:uvm_test_top.env.apb_clk_reset.sequencer STREAM:1666}
  CREATE_STREAM @0 {NAME:seq T:Transactions SCOPE:uvm_test_top.env.apb_slv.sequencer STREAM:1725}
  CREATE_STREAM @0 {NAME:seq T:Transactions SCOPE:uvm_test_top.env.axi_mst.sequencer STREAM:1734}
  CREATE_STREAM @0 {NAME:seq T:Transactions SCOPE:uvm_test_top.env.virt_sqr STREAM:1630}
  CREATE_STREAM @0 {NAME:seq T:Transactions SCOPE:uvm_test_top.env.axi_clk_reset.sequencer STREAM:1657}
  CREATE_STREAM @0 {NAME:seq T:Transactions SCOPE:uvm_test_top.env.apb_clk_reset.sequencer STREAM:1666}
  CREATE_STREAM @0 {NAME:seq T:Transactions SCOPE:uvm_test_top.env.apb_slv.sequencer STREAM:1725}
  CREATE_STREAM @0 {NAME:seq T:Transactions SCOPE:uvm_test_top.env.axi_mst.sequencer STREAM:1734}
  CREATE_STREAM @0 {NAME:seq T:Transactions SCOPE:uvm_test_top.env.virt_sqr STREAM:1630}
  CREATE_STREAM @0 {NAME:seq T:Transactions SCOPE:uvm_test_top.env.axi_clk_reset.sequencer STREAM:1657}
  CREATE_STREAM @0 {NAME:seq T:Transactions SCOPE:uvm_test_top.env.apb_clk_reset.sequencer STREAM:1666}
  CREATE_STREAM @0 {NAME:seq T:Transactions SCOPE:uvm_test_top.env.apb_slv.sequencer STREAM:1725}
  CREATE_STREAM @0 {NAME:seq T:Transactions SCOPE:uvm_test_top.env.axi_mst.sequencer STREAM:1734}
  CREATE_STREAM @0 {NAME:seq T:Transactions SCOPE:uvm_test_top.env.virt_sqr STREAM:1630}
  CREATE_STREAM @0 {NAME:seq T:Transactions SCOPE:uvm_test_top.env.axi_clk_reset.sequencer STREAM:1657}
  CREATE_STREAM @0 {NAME:seq T:Transactions SCOPE:uvm_test_top.env.apb_clk_reset.sequencer STREAM:1666}
  CREATE_STREAM @0 {NAME:seq T:Transactions SCOPE:uvm_test_top.env.apb_slv.sequencer STREAM:1725}
  CREATE_STREAM @0 {NAME:seq T:Transactions SCOPE:uvm_test_top.env.axi_mst.sequencer STREAM:1734}
  CREATE_STREAM @0 {NAME:seq T:Transactions SCOPE:uvm_test_top.env.virt_sqr STREAM:1638}
  CREATE_STREAM @0 {NAME:seq T:Transactions SCOPE:uvm_test_top.env.axi_clk_reset.sequencer STREAM:1665}
  CREATE_STREAM @0 {NAME:seq T:Transactions SCOPE:uvm_test_top.env.apb_clk_reset.sequencer STREAM:1674}
  CREATE_STREAM @0 {NAME:seq T:Transactions SCOPE:uvm_test_top.env.apb_slv.sequencer STREAM:1733}
  CREATE_STREAM @0 {NAME:seq T:Transactions SCOPE:uvm_test_top.env.axi_mst.sequencer STREAM:1742}
  CREATE_STREAM @0 {NAME:seq T:Transactions SCOPE:uvm_test_top.env.virt_sqr STREAM:1630}
  CREATE_STREAM @0 {NAME:seq T:Transactions SCOPE:uvm_test_top.env.axi_clk_reset.sequencer STREAM:1657}
  CREATE_STREAM @0 {NAME:seq T:Transactions SCOPE:uvm_test_top.env.apb_clk_reset.sequencer STREAM:1666}
  CREATE_STREAM @0 {NAME:seq T:Transactions SCOPE:uvm_test_top.env.apb_slv.sequencer STREAM:1725}
  CREATE_STREAM @0 {NAME:seq T:Transactions SCOPE:uvm_test_top.env.axi_mst.sequencer STREAM:1734}
  CREATE_STREAM @0 {NAME:seq T:Transactions SCOPE:uvm_test_top.env.virt_sqr STREAM:1638}
  CREATE_STREAM @0 {NAME:seq T:Transactions SCOPE:uvm_test_top.env.axi_clk_reset.sequencer STREAM:1665}
  CREATE_STREAM @0 {NAME:seq T:Transactions SCOPE:uvm_test_top.env.apb_clk_reset.sequencer STREAM:1674}
  CREATE_STREAM @0 {NAME:seq T:Transactions SCOPE:uvm_test_top.env.apb_slv.sequencer STREAM:1733}
  CREATE_STREAM @0 {NAME:seq T:Transactions SCOPE:uvm_test_top.env.axi_mst.sequencer STREAM:1742}
  CREATE_STREAM @0 {NAME:seq T:Transactions SCOPE:uvm_test_top.env.virt_sqr STREAM:1638}
  CREATE_STREAM @0 {NAME:seq T:Transactions SCOPE:uvm_test_top.env.axi_clk_reset.sequencer STREAM:1665}
  CREATE_STREAM @0 {NAME:seq T:Transactions SCOPE:uvm_test_top.env.apb_clk_reset.sequencer STREAM:1674}
  CREATE_STREAM @0 {NAME:seq T:Transactions SCOPE:uvm_test_top.env.apb_slv.sequencer STREAM:1733}
  CREATE_STREAM @0 {NAME:seq T:Transactions SCOPE:uvm_test_top.env.axi_mst.sequencer STREAM:1742}
  CREATE_STREAM @0 {NAME:seq T:Transactions SCOPE:uvm_test_top.env.virt_sqr STREAM:1638}
  CREATE_STREAM @0 {NAME:seq T:Transactions SCOPE:uvm_test_top.env.axi_clk_reset.sequencer STREAM:1665}
  CREATE_STREAM @0 {NAME:seq T:Transactions SCOPE:uvm_test_top.env.apb_clk_reset.sequencer STREAM:1674}
  CREATE_STREAM @0 {NAME:seq T:Transactions SCOPE:uvm_test_top.env.apb_slv.sequencer STREAM:1733}
  CREATE_STREAM @0 {NAME:seq T:Transactions SCOPE:uvm_test_top.env.axi_mst.sequencer STREAM:1742}
