ucliGUI::start /home/icstudy/Desktop/axi2apb_03_12/sim/out/obj/gon_axi2apb_tb.simv -ucligui -l run.log +ntb_random_seed=1 +UVM_TESTNAME=gon_axi2apb_smoke_test +UVM_VERBOSITY=UVM_HIGH -cm_dir out/cov.vdb -cm_name gon_axi2apb_smoke_test_1
set ucliGUI::state
set ucliGUI::state
ucliCore::getToolPID
synopsys::env hasTB
trigger_hier_stack_context_switch 0
synopsys::xml set_array_limit <data limit="50" />
synopsys::xml set_depth_limit <data limit="100" />
synopsys::xml set_string_limit <data limit="1000" />
synopsys::xml set_only_active_frame <data value="1" />
synopsys::xml set_variable_frame_id <data value="1" />
synUtils::setDVEInitPhase 1
synopsys::dump -type VPD -file /home/icstudy/Desktop/axi2apb_03_12/sim/inter.vpd -locking
synopsys::dump -autoflush on -fid VPD1
set ::dve_fid VPD1
synUtils::setDVEInitPhase 0
ucliCore::getToolPID
synUtils::sendTool -active _icl_setToolSocket /tmp/smlnpmvhFgW
synUtils::sendTool -active {_icl_start_rpc -version "O-2018.09-SP2_Full64" -sync_file /tmp/vcs_dve_rpc.icstudy.5599}
synUtils::sendTool -active {_icl_createSharedMemory /tmp/vcs_dve_general.icstudy.5599}
config endofsim noexit
config onfail enable all
config syscaddplainmembers
config syscaddsourcenames
config syscaddstructtypes
synopsys::listing -disable
if { ![gui_sim_state -check active] } {error "Simulator did not start correctly" error}
#</Database>
# DVE Global setting session:
# Global: Breakpoints
# Global: Bus
# Global: Expressions
# Global: Signal Time Shift
# Global: Signal Compare
# Global: Signal Groups
synopsys::dump -add {gon_axi2apb_tb.dut} -scope "." -depth 1 -fid VPD1
set _session_group_25 Group1
set Group1 "$_session_group_25"
synopsys::dump -add {gon_axi2apb_tb.apb_clk_reset_if gon_axi2apb_tb.apb_if gon_axi2apb_tb.axi_clk_reset_if {gon_axi2apb_tb.axi_if[0]} } -aggregates  -fid VPD1
set _session_group_26 Group2
set Group2 "$_session_group_26"
set _session_group_27 Group3
set Group3 "$_session_group_27"
set _session_group_28 Group4
set Group4 "$_session_group_28"
set _session_group_29 Group5
set Group5 "$_session_group_29"
set _session_group_30 Group6
set Group6 "$_session_group_30"
set _session_group_31 Group7
set Group7 "$_session_group_31"
set _session_group_32 Group8
set Group8 "$_session_group_32"
# Global: Highlighting
# Global: Stack
# Post database loading setting...
# Restore C1 time
# Save global setting...
# Wave/List view global setting
# Close all empty TopLevel windows
foreach __top [gui_ekki_get_window_ids -type TopLevel] {     if { [llength [gui_ekki_get_window_ids -parent $__top]] == 0} {         gui_close_window -window $__top     } }
# DVE View/pane content session:
# Hier 'Hier.1'
catch {gui_list_expand -id ${Hier.1} gon_axi2apb_tb}
catch {gui_list_select -id ${Hier.1} {{gon_axi2apb_tb.axi_if[0]}}}
# Class 'Class.1'
catch {gui_list_expand -id ${Class.1} {$class.uvm_object_wrapper}}
catch {gui_list_expand -id ${Class.1} {$class.uvm_void}}
catch {gui_list_expand -id ${Class.1} {$class.uvm_object}}
catch {gui_list_expand -id ${Class.1} {$class.uvm_transaction}}
catch {gui_list_expand -id ${Class.1} {$class.uvm_sequence_item}}
catch {gui_list_expand -id ${Class.1} {$class.uvm_sequence_base}}
catch {gui_list_expand -id ${Class.1} {$class.\uvm_sequence#(uvm_pkg::uvm_sequence_item,uvm_pkg::uvm_sequence_item) }}
catch {gui_list_expand -id ${Class.1} {$class.gon_axi2apb_base_virt_seq}}
catch { gui_list_select -id ${Class.1} {{$class.gon_axi2apb_smoke_virt_seq} }}
# Warning: Class view not found.
# Member 'Member.1'
# Data 'Data.1'
catch { gui_list_select -id ${Data.1} {{gon_axi2apb_tb.axi_if[0].debug_rd_length} }}
# Source 'Source.1'
# View 'Wave.1'
set groupExD [gui_get_pref_value -category Wave -key exclusiveSG]
set origWaveHeight [gui_get_pref_value -category Wave -key waveRowHeight]
set origGroupCreationState [gui_list_create_group_when_add -wave]
if {$origGroupCreationState} { 	gui_list_create_group_when_add -wave -enable }
if { $groupExD } {  gui_msg_report -code DVWW028 }
# Restore toplevel window zorder
# The toplevel window could be closed if it has no view/pane
if {[gui_exist_window -window ${TopLevel.1}]} { 	gui_set_active_window -window ${TopLevel.1} 	gui_set_active_window -window ${Source.1} 	gui_set_active_window -window ${Console.1} }
if {[gui_exist_window -window ${TopLevel.2}]} { 	gui_set_active_window -window ${TopLevel.2} 	gui_set_active_window -window ${Wave.1} }
#</Session>
synopsys::watch  -file  $::env(PWD)/../vip_lib/gon_axi/gon_axi_master/gon_axi_master_driver.sv  -line  56
synopsys::watch -raw
synopsys::watch  -file  $::env(PWD)/../vip_lib/gon_axi/gon_axi_master/gon_axi_master_driver.sv  -line  57
synopsys::watch -raw
synopsys::run
set ucliGUI::state
set ucliGUI::state
ucliCore::getToolPID
ucliCore::stopTool -no_signal
set ucliGUI::state
