# Preference setting overrides
gui_set_pref_value -category {Globals} -key {app_default_font} -value {Liberation Sans Narrow,14,-1,5,50,0,0,0,0,0}
gui_set_pref_value -category {Globals} -key {app_fixed_width_font} -value {Courier 10 Pitch,12,-1,5,50,0,0,0,0,0}
gui_create_pref_key -category {Globals} -key {load_detail_for_funcov} -value_type {bool} -value {false}
gui_create_pref_category -category {dlg_settings}
gui_create_pref_key -category {dlg_settings} -key {tableWithImmediatePopup} -value_type {bool} -value {true}

# State setting overrides
gui_state_default_create -off -ini
gui_set_state_value -category Globals -key recent_sessions -value {{gui_load_session -ignore_errors -file /home/icstudy/Desktop/axi2apb_03_10/sim/gon_axi2apb_debug_wave.tcl} {gui_load_session -ignore_errors -file /home/icstudy/Desktop/axi2apb_03_10/sim/gon_axi2apb_debug_wave.tcl -ignore_errors} {gui_load_session -ignore_errors -file /home/icstudy/Desktop/GON_AXI2APB/sim/gon_axi2apb_debug_wave.tcl} {gui_load_session -ignore_errors -file /home/icstudy/Desktop/GON_AXI2APB/sim/gon_axi2apb_debug_wave.tcl -ignore_errors} {gui_load_session -ignore_errors -file /home/icstudy/Desktop/GON_AXI2APB/sim/gon_axi2apb_debug_wave.do -ignore_errors}}
gui_set_state_value -category Layout -key child_console_size_x -value 2317
gui_set_state_value -category Layout -key child_console_size_y -value 393
gui_set_state_value -category Layout -key child_data_coltype -value 135
gui_set_state_value -category Layout -key child_data_colvalue -value 138
gui_set_state_value -category Layout -key child_data_colvariable -value 188
gui_set_state_value -category Layout -key child_data_size_x -value 570
gui_set_state_value -category Layout -key child_data_size_y -value 1007
gui_set_state_value -category Layout -key child_driver_size_x -value 2021
gui_set_state_value -category Layout -key child_driver_size_y -value 485
gui_set_state_value -category Layout -key child_hier_col3 -value {-1}
gui_set_state_value -category Layout -key child_hier_colhier -value 337
gui_set_state_value -category Layout -key child_hier_colpd -value 0
gui_set_state_value -category Layout -key child_hier_size_x -value 434
gui_set_state_value -category Layout -key child_hier_size_y -value 1007
gui_set_state_value -category Layout -key child_source_docknewline -value false
gui_set_state_value -category Layout -key child_source_pos_x -value {-2}
gui_set_state_value -category Layout -key child_source_pos_y -value {-23}
gui_set_state_value -category Layout -key child_source_size_x -value 1316
gui_set_state_value -category Layout -key child_source_size_y -value 1003
gui_set_state_value -category Layout -key child_wave_colname -value 249
gui_set_state_value -category Layout -key child_wave_colvalue -value 245
gui_set_state_value -category Layout -key child_wave_left -value 498
gui_set_state_value -category Layout -key child_wave_right -value 1214
gui_set_state_value -category Layout -key main_pos_x -value 0
gui_set_state_value -category Layout -key main_pos_y -value 102
gui_set_state_value -category Layout -key main_size_x -value 1716
gui_set_state_value -category Layout -key main_size_y -value 885
gui_set_state_value -category Layout -key stand_wave_child_pos_x -value {-2}
gui_set_state_value -category Layout -key stand_wave_child_pos_y -value {-23}
gui_set_state_value -category Layout -key stand_wave_child_size_x -value 1722
gui_set_state_value -category Layout -key stand_wave_child_size_y -value 642
gui_set_state_value -category Layout -key stand_wave_top_pos_x -value 0
gui_set_state_value -category Layout -key stand_wave_top_pos_y -value 102
gui_set_state_value -category Layout -key stand_wave_top_size_x -value 1717
gui_set_state_value -category Layout -key stand_wave_top_size_y -value 886
gui_create_state_key -category FindDialog -key m_pMatchCase -value_type bool -value false
gui_create_state_key -category FindDialog -key m_pMatchWord -value_type bool -value false
gui_create_state_key -category FindDialog -key m_pUseCombo -value_type string -value {}
gui_create_state_key -category FindDialog -key m_pWrapAround -value_type bool -value true
gui_create_state_key -category Widget_History -key TopLevel.1|qt_left_dock|DockWnd1|HSPane.1|pages|Class.1|hbox|textfilter -value_type string -value *axi_master_driver*
gui_create_state_key -category Widget_History -key TopLevel.1|qt_left_dock|DockWnd3|HSPane.1|pages|Class.1|hbox|textfilter -value_type string -value {*axi_transfer* *apb_slave_dr* *smoke_virt* *smoke_virt}
gui_state_default_create -off

# Begin command logging
gui_set_pref_value -category {Globals} -key {smart_resize} -value {false}
gui_set_pref_value -category {Globals} -key {smart_resize} -value {true}
gui_sim_run Ucli -exe out/obj/gon_axi2apb_tb.simv -args {-ucligui  -a run.log +ntb_random_seed=1 +UVM_TESTNAME=gon_axi2apb_smoke_test +UVM_VERBOSITY=UVM_HIGH -cm_dir out/cov.vdb -cm_name gon_axi2apb_smoke_test_1 -do gon_axi2apb_sim_run.do} -dir out/obj
gui_show_window -window  Member.1
gui_show_window -window  Class.1
set DIALOGS::LOADFILEDIR [file dirname /home/icstudy/Desktop/axi2apb_03_12/sim/gon_axi2apb_debug_wave.tcl]; gui_load_session -ignore_errors -file /home/icstudy/Desktop/axi2apb_03_12/sim/gon_axi2apb_debug_wave.tcl
gui_wv_zoom_timerange -id  Wave.1 0 100500
gui_wv_zoom_timerange -id  Wave.1 0 100500
gui_show_window -window  Member.1
gui_show_window -window  Class.1
gui_list_set_filter -id Class.1 -text {*axi_master_driver*}
gui_list_select -id Class.1 -selected { {$class.gon_axi_master_driver}   }
gui_list_action -id  Class.1 {$class.gon_axi_master_driver}
gui_sim_watch { -file  $::env(PWD)/../vip_lib/gon_axi/gon_axi_master/gon_axi_master_driver.sv  -line  56  }
gui_sim_watch { -file  $::env(PWD)/../vip_lib/gon_axi/gon_axi_master/gon_axi_master_driver.sv  -line  57  }
gui_sim_continue  
gui_sim_stop 
