23:33:56    258 --> ...                                  [tcl] ucliGUI::start /home/ICer/ic_prjs/AXI2APB/sim/out/obj/gon_axi2apb_tb.simv -ucligui -l run.log +ntb_random_seed=1 +UVM_TESTNAME=gon_axi2apb_smoke_test +UVM_VERBOSITY=UVM_HIGH -cm_dir out/cov.vdb -cm_name gon_axi2apb_smoke_test_1
23:33:56    259 --> ...                                      [tcl] set ucliGUI::state
23:33:56    260 --> ...                                          [tcl] set dveMisc::dve_log_file 1
23:33:56    261 --> ...                                              [tcl] gui_update_simulator_buttons
23:33:57    262 --> ...                                                  [tcl] set ucliGUI::state
23:33:57    263 --> ...                                                      [tcl] ucliCore::getToolPID
23:33:57    264 --> ...                                                          [tcl] synopsys::env hasTB
23:33:57    265 --> ...                                                              [tcl] trigger_hier_stack_context_switch 0
23:33:57    266 --> ...                                                                  [tcl] synopsys::xml set_array_limit <data limit="50" />
23:33:57    267 --> ...                                                                      [tcl] gui_update_simulator_buttons
23:33:57    268 --> ...                                                                          [tcl] synopsys::xml set_depth_limit <data limit="100" />
23:33:57    269 --> ...                                                                              [tcl] synopsys::xml set_string_limit <data limit="1000" />
23:33:57    270 --> ...                                                                                  [tcl] synopsys::xml set_only_active_frame <data value="1" />
23:33:57    271 --> ...                                                                                      [tcl] synopsys::xml set_variable_frame_id <data value="1" />
23:33:57    272 --> ...                                                                                          [tcl] synUtils::setDVEInitPhase 1
23:33:57    273 --> ...                                                                                              [tcl] gui_get_env SIMSETUP::SIMVPD
23:33:57    274 --> ...                                                                                                  [tcl] synopsys::dump -type VPD -file /home/ICer/ic_prjs/AXI2APB/sim/inter.vpd -locking
23:33:57    275 --> ...  [tcl] synopsys::dump -autoflush on -fid VPD1
23:33:57    276 --> ...      [tcl] set ::dve_fid VPD1
23:33:57    277 --> ...          [tcl] synUtils::setDVEInitPhase 0
23:33:57    278 --> ...              [tcl] ucliCore::getToolPID
23:33:57    279 --> ...                  [tcl] synUtils::sendTool -active _icl_setToolSocket /tmp/smlnpkuq6dy
23:33:57    280 --> ...                      [tcl] synUtils::sendTool -active {_icl_start_rpc -version "O-2018.09-1_Full64" -sync_file /tmp/vcs_dve_rpc.ICer.32867}
23:33:58    281 --> ...                          [tcl] synUtils::sendTool -active {_icl_createSharedMemory /tmp/vcs_dve_general.ICer.32867}
23:33:58    282 --> ...                              [tcl] config endofsim noexit
23:33:58    283 --> ...                                  [tcl] config onfail enable all
23:33:58    284 --> ...                                      [tcl] config syscaddplainmembers
23:33:58    285 --> ...                                          [tcl] config syscaddsourcenames
23:33:58    286 --> ...                                              [tcl] config syscaddstructtypes
23:33:58    287 --> ...                                                  [tcl] synopsys::listing -disable
23:33:58    288 --> ...                                                      [tcl] if { ![gui_sim_state -check active] } {error "Simulator did not start correctly" error}
23:33:58    289 --> ...                                                          [tcl] gui_set_precision 10ps
23:33:58    290 --> ...                                                              [tcl] gui_set_time_units 10ps
23:33:58    291 --> ...                                                                  [tcl] #</Database>
23:33:58    292 --> ...                                                                      [tcl] # DVE Global setting session:
23:33:58    293 --> ...                                                                          [tcl] # Global: Breakpoints
23:33:58    294 --> ...                                                                              [tcl] # Global: Bus
23:33:58    295 --> ...                                                                                  [tcl] # Global: Expressions
23:33:58    296 --> ...                                                                                      [tcl] # Global: Signal Time Shift
23:33:58    297 --> ...                                                                                          [tcl] # Global: Signal Compare
23:33:58    298 --> ...                                                                                              [tcl] # Global: Signal Groups
23:33:58    299 --> ...                                                                                                  [tcl] gui_load_child_values {gon_axi2apb_tb.dut}
23:33:58    300 --> ...  [tcl] synopsys::dump -add {gon_axi2apb_tb.dut} -scope "." -depth 1 -fid VPD1
23:33:58    301 --> ...      [tcl] set _session_group_25 Group1
23:33:58    302 --> ...          [tcl] gui_sg_create "$_session_group_25"
23:33:58    303 --> ...              [tcl] set Group1 "$_session_group_25"
23:33:58    304 --> ...                  [tcl] gui_sg_addsignal -group "$_session_group_25" { gon_axi2apb_tb.dut.aclk gon_axi2apb_tb.dut.aresetn gon_axi2apb_tb.dut.awid gon_axi2apb_tb.dut.awaddr gon_axi2apb_tb.dut.awlen {gon_axi2apb_tb.axi_if[0].debug_wr_length} gon_axi2apb_tb.dut.awsize {gon_axi2apb_tb.axi_if[0].debug_wr_size} gon_axi2apb_tb.dut.awburst {gon_axi2apb_tb.axi_if[0].debug_wr_type} gon_axi2apb_tb.dut.awcache gon_axi2apb_tb.dut.awprot gon_axi2apb_tb.dut.awlock gon_axi2apb_tb.dut.awvalid gon_axi2apb_tb.dut.awready }
23:33:58    305 --> ...                      [tcl] synopsys::dump -add {gon_axi2apb_tb.apb_clk_reset_if gon_axi2apb_tb.apb_if gon_axi2apb_tb.axi_clk_reset_if {gon_axi2apb_tb.axi_if[0]} } -aggregates  -fid VPD1
23:33:58    306 --> ...                          [tcl] dveMisc::vbusExpand gon_axi2apb_tb
23:33:59    307 --> ...                              [tcl] set _session_group_26 Group2
23:33:59    308 --> ...                                  [tcl] gui_sg_create "$_session_group_26"
23:33:59    309 --> ...                                      [tcl] set Group2 "$_session_group_26"
23:33:59    310 --> ...                                          [tcl] gui_sg_addsignal -group "$_session_group_26" { gon_axi2apb_tb.dut.wid gon_axi2apb_tb.dut.wdata gon_axi2apb_tb.dut.wstrb gon_axi2apb_tb.dut.wlast gon_axi2apb_tb.dut.wvalid gon_axi2apb_tb.dut.wready }
23:33:59    311 --> ...                                              [tcl] set _session_group_27 Group3
23:33:59    312 --> ...                                                  [tcl] gui_sg_create "$_session_group_27"
23:33:59    313 --> ...                                                      [tcl] set Group3 "$_session_group_27"
23:33:59    314 --> ...                                                          [tcl] gui_sg_addsignal -group "$_session_group_27" { gon_axi2apb_tb.dut.bid gon_axi2apb_tb.dut.bresp {gon_axi2apb_tb.axi_if[0].debug_wr_resp} gon_axi2apb_tb.dut.bvalid gon_axi2apb_tb.dut.bready }
23:33:59    315 --> ...                                                              [tcl] set _session_group_28 Group4
23:33:59    316 --> ...                                                                  [tcl] gui_sg_create "$_session_group_28"
23:33:59    317 --> ...                                                                      [tcl] set Group4 "$_session_group_28"
23:33:59    318 --> ...                                                                          [tcl] gui_sg_addsignal -group "$_session_group_28" { gon_axi2apb_tb.dut.aclk gon_axi2apb_tb.dut.aresetn gon_axi2apb_tb.dut.arid gon_axi2apb_tb.dut.araddr gon_axi2apb_tb.dut.arlen {gon_axi2apb_tb.axi_if[0].debug_rd_length} gon_axi2apb_tb.dut.arsize {gon_axi2apb_tb.axi_if[0].debug_rd_size} gon_axi2apb_tb.dut.arburst {gon_axi2apb_tb.axi_if[0].debug_rd_type} gon_axi2apb_tb.dut.arcache gon_axi2apb_tb.dut.arprot gon_axi2apb_tb.dut.arlock gon_axi2apb_tb.dut.arvalid gon_axi2apb_tb.dut.arready }
23:33:59    319 --> ...                                                                              [tcl] set _session_group_29 Group5
23:33:59    320 --> ...                                                                                  [tcl] gui_sg_create "$_session_group_29"
23:33:59    321 --> ...                                                                                      [tcl] set Group5 "$_session_group_29"
23:33:59    322 --> ...                                                                                          [tcl] gui_sg_addsignal -group "$_session_group_29" { gon_axi2apb_tb.dut.rid gon_axi2apb_tb.dut.rdata gon_axi2apb_tb.dut.rresp {gon_axi2apb_tb.axi_if[0].debug_rd_resp} gon_axi2apb_tb.dut.rlast gon_axi2apb_tb.dut.rvalid gon_axi2apb_tb.dut.rready }
23:33:59    323 --> ...                                                                                              [tcl] set _session_group_30 Group6
23:33:59    324 --> ...                                                                                                  [tcl] gui_sg_create "$_session_group_30"
23:33:59    325 --> ...  [tcl] set Group6 "$_session_group_30"
23:33:59    326 --> ...      [tcl] gui_sg_addsignal -group "$_session_group_30" { gon_axi2apb_tb.dut.pclk gon_axi2apb_tb.dut.presetn gon_axi2apb_tb.dut.paddr gon_axi2apb_tb.dut.pwdata gon_axi2apb_tb.dut.pwrite gon_axi2apb_tb.dut.penable gon_axi2apb_tb.dut.psel_s0 gon_axi2apb_tb.dut.psel_s1 gon_axi2apb_tb.dut.psel_s2 gon_axi2apb_tb.dut.prdata_s0 gon_axi2apb_tb.dut.prdata_s1 gon_axi2apb_tb.dut.prdata_s2 }
23:33:59    327 --> ...          [tcl] set _session_group_31 Group7
23:33:59    328 --> ...              [tcl] gui_sg_create "$_session_group_31"
23:33:59    329 --> ...                  [tcl] set Group7 "$_session_group_31"
23:33:59    330 --> ...                      [tcl] gui_sg_addsignal -group "$_session_group_31" { gon_axi2apb_tb.apb_if.pclk gon_axi2apb_tb.apb_if.presetn }
23:33:59    331 --> ...                          [tcl] set _session_group_32 Group8
23:33:59    332 --> ...                              [tcl] gui_sg_create "$_session_group_32"
23:33:59    333 --> ...                                  [tcl] set Group8 "$_session_group_32"
23:33:59    334 --> ...                                      [tcl] gui_sg_addsignal -group "$_session_group_32" { {gon_axi2apb_tb.axi_if[0].AXI_ACLK} {gon_axi2apb_tb.axi_if[0].AXI_ARESET_N} }
23:33:59    335 --> ...                                          [tcl] # Global: Highlighting
23:33:59    336 --> ...                                              [tcl] gui_highlight_signals -color #00ff00 {{gon_axi2apb_tb.axi_if[0].drv_cb.AXI_ARLEN[3:0]}}
23:33:59    337 --> ...                                                  [tcl] dveMisc::vbusExpand {gon_axi2apb_tb.axi_if[0].drv_cb}
23:33:59    338 --> ...                                                      [tcl] # Global: Stack
23:33:59    339 --> ...                                                          [tcl] gui_change_stack_mode -mode list
23:33:59    340 --> ...                                                              [tcl] # Post database loading setting...
23:33:59    341 --> ...                                                                  [tcl] # Restore C1 time
23:33:59    342 --> ...                                                                      [tcl] gui_set_time -C1_only 100500
23:33:59    343 --> ...                                                                          [tcl] # Save global setting...
23:33:59    344 --> ...                                                                              [tcl] # Wave/List view global setting
23:33:59    345 --> ...                                                                                  [tcl] gui_cov_show_value -switch false
23:33:59    346 --> ...                                                                                      [tcl] # Close all empty TopLevel windows
23:33:59    347 --> ...                                                                                          [tcl] foreach __top [gui_ekki_get_window_ids -type TopLevel] {     if { [llength [gui_ekki_get_window_ids -parent $__top]] == 0} {         gui_close_window -window $__top     } }
23:33:59    348 --> ...                                                                                              [tcl] gui_set_loading_session_type noSession
23:33:59    349 --> ...                                                                                                  [tcl] # DVE View/pane content session:
23:33:59    350 --> ...  [tcl] # Hier 'Hier.1'
23:33:59    351 --> ...      [tcl] gui_show_window -window ${Hier.1}
23:33:59    352 --> ...          [tcl] gui_list_set_filter -id ${Hier.1} -list { {Package 1} {All 0} {Process 1} {VirtPowSwitch 0} {UnnamedProcess 1} {UDP 0} {Function 1} {Block 1} {SrsnAndSpaCell 0} {OVA Unit 1} {LeafScCell 1} {LeafVlgCell 1} {Interface 1} {LeafVhdCell 1} {$unit 1} {NamedBlock 1} {Task 1} {VlgPackage 1} {ClassDef 1} {VirtIsoCell 0} }
23:33:59    353 --> ...              [tcl] gui_list_set_filter -id ${Hier.1} -text {*}
23:33:59    354 --> ...                  [tcl] gui_hier_list_init -id ${Hier.1}
23:33:59    355 --> ...                      [tcl] gui_change_design -id ${Hier.1} -design Sim
23:33:59    356 --> ...                          [tcl] catch {gui_list_expand -id ${Hier.1} gon_axi2apb_tb}
23:33:59    357 --> ...                              [tcl] catch {gui_list_select -id ${Hier.1} {{gon_axi2apb_tb.axi_if[0]}}}
23:33:59    358 --> ...                                  [tcl] gui_view_scroll -id ${Hier.1} -vertical -set 0
23:33:59    359 --> ...                                      [tcl] gui_view_scroll -id ${Hier.1} -horizontal -set 0
23:33:59    360 --> ...                                          [tcl] # Class 'Class.1'
23:33:59    361 --> ...                                              [tcl] gui_list_set_filter -id ${Class.1} -list { {OVM 1} {VMM 1} {All 1} {Object 1} {UVM 1} {RVM 1} }
23:33:59    362 --> ...                                                  [tcl] gui_list_set_filter -id ${Class.1} -text {*smoke_virt*}
23:33:59    363 --> ...                                                      [tcl] gui_change_design -id ${Class.1} -design Sim
23:33:59    364 --> ...                                                          [tcl] catch {gui_list_expand -id ${Class.1} {$class.uvm_object_wrapper}}
23:33:59    365 --> ...                                                              [tcl] catch {gui_list_expand -id ${Class.1} {$class.uvm_void}}
23:33:59    366 --> ...                                                                  [tcl] catch {gui_list_expand -id ${Class.1} {$class.uvm_object}}
23:33:59    367 --> ...                                                                      [tcl] catch {gui_list_expand -id ${Class.1} {$class.uvm_transaction}}
23:33:59    368 --> ...                                                                          [tcl] catch {gui_list_expand -id ${Class.1} {$class.uvm_sequence_item}}
23:33:59    369 --> ...                                                                              [tcl] catch {gui_list_expand -id ${Class.1} {$class.uvm_sequence_base}}
23:33:59    370 --> ...                                                                                  [tcl] catch {gui_list_expand -id ${Class.1} {$class.\uvm_sequence#(uvm_pkg::uvm_sequence_item,uvm_pkg::uvm_sequence_item) }}
23:33:59    371 --> ...                                                                                      [tcl] catch {gui_list_expand -id ${Class.1} {$class.gon_axi2apb_base_virt_seq}}
23:33:59    372 --> ...                                                                                          [tcl] catch { gui_list_select -id ${Class.1} {{$class.gon_axi2apb_smoke_virt_seq} }}
23:33:59    373 --> ...                                                                                              [tcl] # Warning: Class view not found.
23:33:59    374 --> ...                                                                                                  [tcl] # Member 'Member.1'
23:33:59    375 --> ...  [tcl] gui_list_set_filter -id ${Member.1} -list { {InternalMember 0} {RandMember 1} {All 0} {BaseMember 0} {PrivateMember 1} {LibBaseMember 0} {AutomaticMember 1} {VirtualMember 1} {PublicMember 1} {ProtectedMember 1} {OverRiddenMember 0} {InterfaceClassMember 1} {StaticMember 1} }
23:33:59    376 --> ...      [tcl] gui_list_set_filter -id ${Member.1} -text {*}
23:33:59    377 --> ...          [tcl] # Data 'Data.1'
23:33:59    378 --> ...              [tcl] gui_list_set_filter -id ${Data.1} -list { {Buffer 1} {Input 1} {Others 1} {Linkage 1} {Output 1} {LowPower 1} {Parameter 1} {All 1} {Aggregate 1} {LibBaseMember 1} {Event 1} {Assertion 1} {Constant 1} {Interface 1} {BaseMembers 1} {Signal 1} {$unit 1} {Inout 1} {Variable 1} }
23:33:59    379 --> ...                  [tcl] gui_list_set_filter -id ${Data.1} -text {*}
23:33:59    380 --> ...                      [tcl] gui_list_show_data -id ${Data.1} {gon_axi2apb_tb.axi_if[0]}
23:33:59    381 --> ...                          [tcl] gui_show_window -window ${Data.1}
23:33:59    382 --> ...                              [tcl] catch { gui_list_select -id ${Data.1} {{gon_axi2apb_tb.axi_if[0].debug_rd_length} }}
23:33:59    383 --> ...                                  [tcl] gui_view_scroll -id ${Data.1} -vertical -set 1328
23:33:59    384 --> ...                                      [tcl] gui_view_scroll -id ${Data.1} -horizontal -set 0
23:33:59    385 --> ...                                          [tcl] gui_view_scroll -id ${Hier.1} -vertical -set 0
23:33:59    386 --> ...                                              [tcl] gui_view_scroll -id ${Hier.1} -horizontal -set 0
23:33:59    387 --> ...                                                  [tcl] # Source 'Source.1'
23:33:59    388 --> ...                                                      [tcl] gui_src_value_annotate -id ${Source.1} -switch false
23:33:59    389 --> ...                                                          [tcl] gui_set_env TOGGLE::VALUEANNOTATE 0
23:33:59    390 --> ...                                                              [tcl] gui_open_source -id ${Source.1}  -replace -active {uvm_pkg.\uvm_root::run_test } /opt/synopsys/vcs/vcs-mx/O-2018.09-SP2/etc/uvm-1.2/base/uvm_root.svh
23:33:59    391 --> ...                                                                  [tcl] dveMisc::vbusExpand uvm_pkg
23:34:02    392 --> ...                                                                      [tcl] gui_view_scroll -id ${Source.1} -vertical -set 5350
23:34:02    393 --> ...                                                                          [tcl] gui_src_set_reusable -id ${Source.1}
23:34:02    394 --> ...                                                                              [tcl] # View 'Wave.1'
23:34:02    395 --> ...                                                                                  [tcl] gui_wv_sync -id ${Wave.1} -switch false
23:34:02    396 --> ...                                                                                      [tcl] set groupExD [gui_get_pref_value -category Wave -key exclusiveSG]
23:34:02    397 --> ...                                                                                          [tcl] gui_set_pref_value -category Wave -key exclusiveSG -value {false}
23:34:02    398 --> ...                                                                                              [tcl] set origWaveHeight [gui_get_pref_value -category Wave -key waveRowHeight]
23:34:02    399 --> ...                                                                                                  [tcl] gui_list_set_height -id Wave -height 25
23:34:02    400 --> ...  [tcl] set origGroupCreationState [gui_list_create_group_when_add -wave]
23:34:02    401 --> ...      [tcl] gui_list_create_group_when_add -wave -disable
23:34:02    402 --> ...          [tcl] gui_marker_create -id ${Wave.1} C2 1317767897
23:34:02    403 --> ...              [tcl] gui_marker_set_ref -id ${Wave.1}  C1
23:34:02    404 --> ...                  [tcl] gui_wv_zoom_timerange -id ${Wave.1} 0 100500
23:34:02    405 --> ...                      [tcl] gui_list_add_group -id ${Wave.1} -after {New Group} {Group1}
23:34:02    406 --> ...                          [tcl] gui_list_add_group -id ${Wave.1} -after {New Group} {Group2}
23:34:02    407 --> ...                              [tcl] gui_list_add_group -id ${Wave.1} -after {New Group} {Group3}
23:34:02    408 --> ...                                  [tcl] gui_list_add_group -id ${Wave.1} -after {New Group} {Group4}
23:34:02    409 --> ...                                      [tcl] gui_list_add_group -id ${Wave.1} -after {New Group} {Group5}
23:34:02    410 --> ...                                          [tcl] gui_list_add_group -id ${Wave.1} -after {New Group} {Group6}
23:34:02    411 --> ...                                              [tcl] gui_list_select -id ${Wave.1} {gon_axi2apb_tb.dut.aresetn }
23:34:02    412 --> ...                                                  [tcl] gui_seek_criteria -id ${Wave.1} {Any Edge}
23:34:02    413 --> ...                                                      [tcl] gui_set_env TOGGLE::DEFAULT_WAVE_WINDOW ${Wave.1}
23:34:02    414 --> ...                                                          [tcl] gui_set_pref_value -category Wave -key exclusiveSG -value $groupExD
23:34:02    415 --> ...                                                              [tcl] gui_list_set_height -id Wave -height $origWaveHeight
23:34:02    416 --> ...                                                                  [tcl] if {$origGroupCreationState} { 	gui_list_create_group_when_add -wave -enable }
23:34:02    417 --> ...                                                                      [tcl] if { $groupExD } {  gui_msg_report -code DVWW028 }
23:34:02    418 --> ...                                                                          [tcl] gui_list_set_filter -id ${Wave.1} -list { {Buffer 1} {Input 1} {Others 1} {Linkage 1} {Output 1} {Parameter 1} {All 1} {Aggregate 1} {LibBaseMember 1} {Event 1} {Assertion 1} {Constant 1} {Interface 1} {BaseMembers 1} {Signal 1} {$unit 1} {Inout 1} {Variable 1} }
23:34:02    419 --> ...                                                                              [tcl] gui_list_set_filter -id ${Wave.1} -text {*}
23:34:02    420 --> ...                                                                                  [tcl] gui_list_set_insertion_bar  -id ${Wave.1} -group Group4  -item gon_axi2apb_tb.dut.aresetn -position below
23:34:02    421 --> ...                                                                                      [tcl] gui_marker_move -id ${Wave.1} {C1} 100500
23:34:02    422 --> ...                                                                                          [tcl] gui_view_scroll -id ${Wave.1} -vertical -set 0
23:34:02    423 --> ...                                                                                              [tcl] gui_show_grid -id ${Wave.1} -enable false
23:34:02    424 --> ...                                                                                                  [tcl] # Restore toplevel window zorder
23:34:02    425 --> ...  [tcl] # The toplevel window could be closed if it has no view/pane
23:34:02    426 --> ...      [tcl] if {[gui_exist_window -window ${TopLevel.1}]} { 	gui_set_active_window -window ${TopLevel.1} 	gui_set_active_window -window ${Source.1} 	gui_set_active_window -window ${Console.1} }
23:34:02    427 --> ...          [tcl] if {[gui_exist_window -window ${TopLevel.2}]} { 	gui_set_active_window -window ${TopLevel.2} 	gui_set_active_window -window ${Wave.1} }
23:34:02    428 --> ...              [tcl] #</Session>
23:34:13    429 --> ...                  [tcl] run
23:34:13    430 --> ...                      [tcl] set ucliGUI::state
23:34:13    431 --> ...                          [tcl] gui_update_simulator_buttons
23:34:13    432 --> ...                              [tcl] set ucliGUI::state
23:34:13    433 --> ...                                  [tcl] gui_update_simulator_buttons
23:34:13    434 --> ...                                      [tcl] set ucliGUI::state
23:34:13    435 --> ...                                          [tcl] set ucliGUI::state
23:34:13    436 --> ...                                              [tcl] catch {senv activeDomain} dveMisc::result 
23:34:13    437 --> ...                                                  [tcl] set dveMisc::result
23:34:13    438 --> ...                                                      [tcl] gui_update_simulator_buttons
23:34:13    439 --> ...                                                          [tcl] synopsys::xml get_stop_data
23:34:13    440 --> ...                                                              [tcl] synopsys::xml {frames <data updateType="preserve" itemId="none" viewId="Stack.1" />}
23:34:14    441 --> ...                                                                  [tcl] dveMisc::vbusExpand {uvm_pkg.\uvm_root::run_test }
23:34:32    442 --> ...                                                                      [tcl] if [catch {gui_sim_terminate}] {gui_sim_terminate -kill}
23:34:32    443 --> ...                                                                          [tcl] synopsys::finish
23:34:32    444 --> ...                                                                              [tcl] set ucliGUI::state
23:34:32    445 --> ...                                                                                  [tcl] gui_update_simulator_buttons
23:34:32    446 --> ...                                                                                      [tcl] set ucliGUI::state
23:34:32    447 --> ...                                                                                          [tcl] catch {senv activeDomain} dveMisc::result 
23:34:32    448 --> ...                                                                                              [tcl] set dveMisc::result
23:34:32    449 --> ...                                                                                                  [tcl] gui_update_simulator_buttons
23:34:32    450 --> ...  [tcl] catch {senv activeDomain} dveMisc::result 
23:34:32    451 --> ...      [tcl] set dveMisc::result
23:34:32    452 --> ...          [tcl] ucli_exit
